<?xml version="1.0" encoding="UTF-8"?>
<!-- Generated by org.testng.reporters.JUnitXMLReporter -->
<testsuite ignored="2" hostname="LT0145657" failures="2" tests="2" name="Test" time="19.284" errors="0" timestamp="2023-03-08T16:03:46 IST">
  <testcase classname="com.esign.testcases.HomePageTestcases" name="clickOnSignUpButton" time="0.03">
    <failure type="java.lang.NullPointerException" message="Cannot invoke &amp;quot;com.esign.pageObjects.HomePage.clickOnSigUpJioSignAccountButton()&amp;quot; because &amp;quot;this.homePage&amp;quot; is null">
      <![CDATA[java.lang.NullPointerException: Cannot invoke "com.esign.pageObjects.HomePage.clickOnSigUpJioSignAccountButton()" because "this.homePage" is null
at com.esign.testcases.HomePageTestcases.clickOnSignUpButton(HomePageTestcases.java:47)
at java.base/java.util.ArrayList.forEach(ArrayList.java:1511)
... Removed 27 stack frames]]>
    </failure>
  </testcase> <!-- clickOnSignUpButton -->
  <testcase classname="com.esign.testcases.LoginPageTestcases" name="clickOnSignUpButton" time="0.007">
    <failure type="java.lang.NullPointerException" message="Cannot invoke &amp;quot;com.esign.pageObjects.LoginPage.clickOnProceedButton(String)&amp;quot; because &amp;quot;this.loginPage&amp;quot; is null">
      <![CDATA[java.lang.NullPointerException: Cannot invoke "com.esign.pageObjects.LoginPage.clickOnProceedButton(String)" because "this.loginPage" is null
at com.esign.testcases.LoginPageTestcases.clickOnSignUpButton(LoginPageTestcases.java:40)
at java.base/java.util.ArrayList.forEach(ArrayList.java:1511)
... Removed 27 stack frames]]>
    </failure>
  </testcase> <!-- clickOnSignUpButton -->
  <testcase classname="com.esign.testcases.HomePageTestcases" name="visiblityOfSigUpJioSignAccountButtonTest" time="0.0">
    <ignored/>
  </testcase> <!-- visiblityOfSigUpJioSignAccountButtonTest -->
  <testcase classname="com.esign.testcases.HomePageTestcases" name="verifyPageTitlePage" time="0.0">
    <ignored/>
  </testcase> <!-- verifyPageTitlePage -->
</testsuite> <!-- Test -->
